<?xml version="1.0" encoding="UTF-8"?>
<testng-results skipped="0" failed="0" total="1" passed="1">
  <reporter-output>
  </reporter-output>
  <suite name="Default suite" duration-ms="53887" started-at="2019-03-13T20:10:12Z" finished-at="2019-03-13T20:11:06Z">
    <groups>
    </groups>
    <test name="Default test" duration-ms="53887" started-at="2019-03-13T20:10:12Z" finished-at="2019-03-13T20:11:06Z">
      <class name="com.cpi.testcase.LoginCPI">
        <test-method status="PASS" signature="Excelsetup()[pri:0, instance:com.cpi.testcase.LoginCPI@18be83e4]" name="Excelsetup" is-config="true" duration-ms="17" started-at="2019-03-14T01:40:12Z" finished-at="2019-03-14T01:40:12Z">
          <reporter-output>
          </reporter-output>
        </test-method> <!-- Excelsetup -->
        <test-method status="PASS" signature="StartApplication()[pri:0, instance:com.cpi.testcase.LoginCPI@18be83e4]" name="StartApplication" is-config="true" duration-ms="17136" started-at="2019-03-14T01:40:12Z" finished-at="2019-03-14T01:40:29Z">
          <reporter-output>
          </reporter-output>
        </test-method> <!-- StartApplication -->
        <test-method status="PASS" signature="Login()[pri:0, instance:com.cpi.testcase.LoginCPI@18be83e4]" name="Login" duration-ms="35793" started-at="2019-03-14T01:40:29Z" finished-at="2019-03-14T01:41:05Z">
          <reporter-output>
          </reporter-output>
        </test-method> <!-- Login -->
        <test-method status="PASS" signature="Takescreenshot(org.testng.ITestResult)[pri:0, instance:com.cpi.testcase.LoginCPI@18be83e4]" name="Takescreenshot" is-config="true" duration-ms="1" started-at="2019-03-14T01:41:05Z" finished-at="2019-03-14T01:41:05Z">
          <params>
            <param index="0">
              <value>
                <![CDATA[[TestResult name=Login status=SUCCESS method=LoginCPI.Login()[pri:0, instance:com.cpi.testcase.LoginCPI@18be83e4] output={null}]]]>
              </value>
            </param>
          </params>
          <reporter-output>
          </reporter-output>
        </test-method> <!-- Takescreenshot -->
        <test-method status="PASS" signature="EndApplication()[pri:0, instance:com.cpi.testcase.LoginCPI@18be83e4]" name="EndApplication" is-config="true" duration-ms="934" started-at="2019-03-14T01:41:05Z" finished-at="2019-03-14T01:41:06Z">
          <reporter-output>
          </reporter-output>
        </test-method> <!-- EndApplication -->
      </class> <!-- com.cpi.testcase.LoginCPI -->
    </test> <!-- Default test -->
  </suite> <!-- Default suite -->
</testng-results>
